ERROR | 2021-06-22 22:56:49 | [main] trial.App (App.java:16) - Error printed
INFO  | 2021-06-22 22:56:49 | [main] trial.App (App.java:17) - This gives us information
WARN  | 2021-06-22 22:56:49 | [main] trial.App (App.java:18) - Warning Warning!!!
ERROR | 2021-06-22 22:58:07 | [main] trial.App (App.java:16) - Error printed
INFO  | 2021-06-22 22:58:07 | [main] trial.App (App.java:17) - This gives us information
WARN  | 2021-06-22 22:58:07 | [main] trial.App (App.java:18) - Warning Warning!!!
ERROR | 2021-06-22 22:58:26 | [main] trial.App (App.java:16) - Error printed
INFO  | 2021-06-22 22:58:26 | [main] trial.App (App.java:17) - This gives us information
WARN  | 2021-06-22 22:58:26 | [main] trial.App (App.java:18) - Warning Warning!!!
ERROR | 2021-06-22 22:58:29 | [main] trial.App (App.java:16) - Error printed
INFO  | 2021-06-22 22:58:29 | [main] trial.App (App.java:17) - This gives us information
WARN  | 2021-06-22 22:58:29 | [main] trial.App (App.java:18) - Warning Warning!!!
DEBUG | 2021-06-22 23:00:39 | [main] trial.App (App.java:15) - it will debug
ERROR | 2021-06-22 23:00:39 | [main] trial.App (App.java:16) - Error printed
INFO  | 2021-06-22 23:00:39 | [main] trial.App (App.java:17) - This gives us information
WARN  | 2021-06-22 23:00:39 | [main] trial.App (App.java:18) - Warning Warning!!!
WARN  | 2021-06-24 21:40:25 | [main] trial.App (App.java:14) - Warning due to changes in Local Only
WARN  | 2021-06-24 21:40:25 | [main] trial.App (App.java:15) - this changes done only from github
DEBUG | 2021-06-24 21:40:25 | [main] trial.App (App.java:25) - it will debug
ERROR | 2021-06-24 21:40:25 | [main] trial.App (App.java:26) - Error printed
INFO  | 2021-06-24 21:40:25 | [main] trial.App (App.java:27) - This gives us information
WARN  | 2021-06-24 21:40:25 | [main] trial.App (App.java:28) - Warning Warning!!!
WARN  | 2021-06-24 21:47:21 | [main] trial.App (App.java:14) - Warning due to changes in Local Only
WARN  | 2021-06-24 21:47:21 | [main] trial.App (App.java:15) - this changes done only from github
DEBUG | 2021-06-24 21:47:21 | [main] trial.App (App.java:25) - it will debug
ERROR | 2021-06-24 21:47:21 | [main] trial.App (App.java:26) - Error printed
INFO  | 2021-06-24 21:47:21 | [main] trial.App (App.java:27) - This gives us information
WARN  | 2021-06-24 21:47:21 | [main] trial.App (App.java:28) - Warning Warning!!!
WARN  | 2021-06-24 21:48:48 | [main] trial.App (App.java:14) - Warning due to changes in Local Only
WARN  | 2021-06-24 21:48:48 | [main] trial.App (App.java:15) - this changes done only from github
DEBUG | 2021-06-24 21:48:48 | [main] trial.App (App.java:25) - it will debug
ERROR | 2021-06-24 21:48:48 | [main] trial.App (App.java:26) - Error printed
INFO  | 2021-06-24 21:48:48 | [main] trial.App (App.java:27) - This gives us information
WARN  | 2021-06-24 21:48:48 | [main] trial.App (App.java:28) - Warning Warning!!!
WARN  | 2021-06-24 21:50:08 | [main] trial.App (App.java:14) - Warning due to changes in Local Only
WARN  | 2021-06-24 21:50:08 | [main] trial.App (App.java:15) - this changes done only from github
DEBUG | 2021-06-24 21:50:08 | [main] trial.App (App.java:25) - it will debug
ERROR | 2021-06-24 21:50:08 | [main] trial.App (App.java:26) - Error printed
INFO  | 2021-06-24 21:50:08 | [main] trial.App (App.java:27) - This gives us information
WARN  | 2021-06-24 21:50:08 | [main] trial.App (App.java:28) - Warning Warning!!!
